<?xml version="1.0" encoding="UTF-8"?>
<!-- Generated by org.testng.reporters.JUnitReportReporter -->
<testsuite skipped="0" hostname="IN-L-7324413" name="Testleaf.TestAutomation.Createcontacts" tests="1" failures="0" timestamp="2021-03-23T17:38:59 IST" time="28.849" errors="0">
  <testcase name="Createcontact" time="28.849" classname="Testleaf.TestAutomation.Createcontacts"/>
  <system-out/>
</testsuite> <!-- Testleaf.TestAutomation.Createcontacts -->
