<?xml version="1.0" encoding="UTF-8"?>
<!-- Generated by org.testng.reporters.JUnitReportReporter -->
<testsuite skipped="0" hostname="DESKTOP-08TC7DP" name="Testleaf.TestAutomation.TestCase1" tests="1" failures="0" timestamp="2020-12-21T07:33:15 IST" time="23.878" errors="0">
  <testcase name="CreateLead" time="23.878" classname="Testleaf.TestAutomation.TestCase1"/>
  <system-out/>
</testsuite> <!-- Testleaf.TestAutomation.TestCase1 -->
