<?xml version="1.0" encoding="UTF-8"?>
<!-- Generated by org.testng.reporters.JUnitReportReporter -->
<testsuite skipped="0" hostname="DESKTOP-08TC7DP" name="Testleaf.TestAutomation.DuplicateLead" tests="1" failures="0" timestamp="2021-05-24T04:29:18 IST" time="17.635" errors="0">
  <testcase name="DuplicateLead" time="17.635" classname="Testleaf.TestAutomation.DuplicateLead"/>
  <system-out/>
</testsuite> <!-- Testleaf.TestAutomation.DuplicateLead -->
