<?xml version="1.0" encoding="UTF-8"?>
<!-- Generated by org.testng.reporters.JUnitReportReporter -->
<testsuite skipped="0" hostname="IN-L-7324413" name="Testleaf.TestAutomation.MergeLead" tests="1" failures="0" timestamp="2021-03-26T09:31:54 IST" time="25.677" errors="0">
  <testcase name="Mergelead" time="25.677" classname="Testleaf.TestAutomation.MergeLead"/>
  <system-out/>
</testsuite> <!-- Testleaf.TestAutomation.MergeLead -->
