<?xml version="1.0" encoding="UTF-8"?>
<!-- Generated by org.testng.reporters.JUnitReportReporter -->
<testsuite skipped="0" hostname="DESKTOP-08TC7DP" name="Testlead.leaftaps.CreateLead" tests="1" failures="0" timestamp="2020-12-30T22:13:06 IST" time="95.820" errors="0">
  <testcase name="CreateLead" time="95.820" classname="Testlead.leaftaps.CreateLead"/>
  <system-out/>
</testsuite> <!-- Testlead.leaftaps.CreateLead -->
