<?xml version="1.0" encoding="UTF-8"?>
<!-- Generated by org.testng.reporters.JUnitReportReporter -->
<testsuite skipped="0" hostname="DESKTOP-08TC7DP" name="Testleaf.TestAutomation.TestCase3" tests="1" failures="0" timestamp="2021-05-24T04:07:52 IST" time="26.569" errors="0">
  <testcase name="deleteLead" time="26.569" classname="Testleaf.TestAutomation.TestCase3"/>
  <system-out/>
</testsuite> <!-- Testleaf.TestAutomation.TestCase3 -->
