<?xml version="1.0" encoding="UTF-8"?>
<!-- Generated by org.testng.reporters.JUnitReportReporter -->
<testsuite skipped="0" hostname="DESKTOP-08TC7DP" name="Testleaf.leaftaps.FindLead" tests="1" failures="0" timestamp="2021-05-23T07:52:46 IST" time="24.599" errors="0">
  <testcase name="DuplicateLead" time="24.599" classname="Testleaf.leaftaps.FindLead"/>
  <system-out/>
</testsuite> <!-- Testleaf.leaftaps.FindLead -->
