<?xml version="1.0" encoding="UTF-8"?>
<!-- Generated by org.testng.reporters.JUnitReportReporter -->
<testsuite skipped="0" hostname="DESKTOP-08TC7DP" name="Testleaf.TestAutomation.CreateAccount" tests="1" failures="0" timestamp="2021-05-24T04:12:19 IST" time="21.033" errors="0">
  <testcase name="CreateAccounts" time="21.033" classname="Testleaf.TestAutomation.CreateAccount"/>
  <system-out/>
</testsuite> <!-- Testleaf.TestAutomation.CreateAccount -->
