<?xml version="1.0" encoding="UTF-8"?>
<!-- Generated by org.testng.reporters.JUnitReportReporter -->
<testsuite skipped="0" hostname="DESKTOP-08TC7DP" name="Testleaf.TestAutomation.Createcontacts" tests="1" failures="0" timestamp="2021-05-24T03:25:48 IST" time="25.327" errors="0">
  <testcase name="Createcontact" time="25.327" classname="Testleaf.TestAutomation.Createcontacts"/>
  <system-out/>
</testsuite> <!-- Testleaf.TestAutomation.Createcontacts -->
