<?xml version="1.0" encoding="UTF-8"?>
<!-- Generated by org.testng.reporters.JUnitReportReporter -->
<testsuite skipped="0" hostname="DESKTOP-08TC7DP" name="Testleaf.leaftaps.CreateLead" tests="1" failures="0" timestamp="2021-05-23T07:52:01 IST" time="32.796" errors="0">
  <testcase name="CreateLead" time="32.796" classname="Testleaf.leaftaps.CreateLead"/>
  <system-out/>
</testsuite> <!-- Testleaf.leaftaps.CreateLead -->
