<?xml version="1.0" encoding="UTF-8"?>
<!-- Generated by org.testng.reporters.JUnitReportReporter -->
<testsuite skipped="0" hostname="DESKTOP-08TC7DP" name="Testleaf.TestAutomation.Delet" tests="1" failures="0" timestamp="2021-05-24T04:10:10 IST" time="20.488" errors="0">
  <testcase name="runDeleteLead" time="20.488" classname="Testleaf.TestAutomation.Delet"/>
  <system-out/>
</testsuite> <!-- Testleaf.TestAutomation.Delet -->
