<?xml version="1.0" encoding="UTF-8"?>
<!-- Generated by org.testng.reporters.JUnitReportReporter -->
<testsuite skipped="0" hostname="DESKTOP-08TC7DP" name="TestNGTestcases.Priortylevel" tests="4" failures="0" timestamp="2020-12-20T23:40:23 IST" time="0.023" errors="0">
  <testcase name="NegativePrioirty" time="0.013" classname="TestNGTestcases.Priortylevel"/>
  <system-out/>
  <testcase name="ZerothPriority" time="0.003" classname="TestNGTestcases.Priortylevel"/>
  <system-out/>
  <testcase name="PositivePriority" time="0.004" classname="TestNGTestcases.Priortylevel"/>
  <system-out/>
  <testcase name="SkippedPriority" time="0.003" classname="TestNGTestcases.Priortylevel"/>
  <system-out/>
</testsuite> <!-- TestNGTestcases.Priortylevel -->
