<?xml version="1.0" encoding="UTF-8"?>
<!-- Generated by org.testng.reporters.JUnitReportReporter -->
<testsuite skipped="0" hostname="DESKTOP-08TC7DP" name="Testleaf.leaftaps.Createcontacts" tests="1" failures="0" timestamp="2021-05-08T19:30:10 IST" time="26.515" errors="0">
  <testcase name="Createcontact" time="26.515" classname="Testleaf.leaftaps.Createcontacts"/>
  <system-out/>
</testsuite> <!-- Testleaf.leaftaps.Createcontacts -->
