<?xml version="1.0" encoding="UTF-8"?>
<!-- Generated by org.testng.reporters.JUnitReportReporter -->
<testsuite skipped="0" hostname="DESKTOP-08TC7DP" name="Testleaf.leaftaps.CreateLead" tests="1" failures="0" timestamp="2021-05-08T19:31:17 IST" time="29.926" errors="0">
  <testcase name="CreateLead" time="29.926" classname="Testleaf.leaftaps.CreateLead"/>
  <system-out/>
</testsuite> <!-- Testleaf.leaftaps.CreateLead -->
