<?xml version="1.0" encoding="UTF-8"?>
<!-- Generated by org.testng.reporters.JUnitReportReporter -->
<testsuite skipped="0" hostname="IN-L-7324413" name="Testleaf.leaftaps.CreateAccount" tests="1" failures="0" timestamp="2021-03-26T08:02:56 IST" time="16.127" errors="0">
  <testcase name="CreateAccounts" time="16.127" classname="Testleaf.leaftaps.CreateAccount"/>
  <system-out/>
</testsuite> <!-- Testleaf.leaftaps.CreateAccount -->
