<?xml version="1.0" encoding="UTF-8"?>
<!-- Generated by org.testng.reporters.JUnitReportReporter -->
<testsuite skipped="0" hostname="DESKTOP-08TC7DP" name="Testleaf.leaftaps.MergeLead" tests="1" failures="0" timestamp="2021-05-23T19:49:29 IST" time="18.311" errors="0">
  <testcase name="Mergelead" time="18.311" classname="Testleaf.leaftaps.MergeLead"/>
  <system-out/>
</testsuite> <!-- Testleaf.leaftaps.MergeLead -->
