<?xml version="1.0" encoding="UTF-8"?>
<!-- Generated by org.testng.reporters.JUnitReportReporter -->
<testsuite skipped="0" hostname="DESKTOP-08TC7DP" name="TestNGTestcases.TestCase2" tests="1" failures="0" timestamp="2020-12-21T00:01:38 IST" time="270.972" errors="0">
  <testcase name="editLead" time="270.972" classname="TestNGTestcases.TestCase2"/>
  <system-out/>
</testsuite> <!-- TestNGTestcases.TestCase2 -->
