<?xml version="1.0" encoding="UTF-8"?>
<!-- Generated by org.testng.reporters.JUnitReportReporter -->
<testsuite skipped="0" hostname="IN-L-7324413" name="Testleaf.TestAutomation.TestCase3" tests="1" failures="0" timestamp="2021-03-26T14:19:20 IST" time="57.335" errors="0">
  <testcase name="deleteLead" time="57.335" classname="Testleaf.TestAutomation.TestCase3"/>
  <system-out/>
</testsuite> <!-- Testleaf.TestAutomation.TestCase3 -->
