<?xml version="1.0" encoding="UTF-8"?>
<!-- Generated by org.testng.reporters.JUnitReportReporter -->
<testsuite skipped="0" hostname="DESKTOP-08TC7DP" name="TestNGTestcases.SampleTestNG" tests="2" failures="0" timestamp="2020-12-21T07:03:11 IST" time="0.017" errors="0">
  <testcase name="testLogin" time="0.005" classname="TestNGTestcases.SampleTestNG"/>
  <system-out/>
  <testcase name="testApp" time="0.012" classname="TestNGTestcases.SampleTestNG"/>
  <system-out/>
</testsuite> <!-- TestNGTestcases.SampleTestNG -->
