<?xml version="1.0" encoding="UTF-8"?>
<!-- Generated by org.testng.reporters.JUnitReportReporter -->
<testsuite skipped="0" hostname="IN-L-7324413" name="Testleaf.leaftaps.MergeLead" tests="1" failures="0" timestamp="2021-03-26T12:49:57 IST" time="17.414" errors="0">
  <testcase name="Mergelead" time="17.414" classname="Testleaf.leaftaps.MergeLead"/>
  <system-out/>
</testsuite> <!-- Testleaf.leaftaps.MergeLead -->
